2017-12-21 17:43:02.475 [main] INFO  com.salesforce.commercecloud.config - Starting program...
2017-12-21 17:43:02.475 [main] INFO  com.salesforce.commercecloud.config - Searching absolute path: 'C:\Development\TomsTools\IniFileEditor\IniFileEditor\.' for: 'appconfig.xml'.
2017-12-21 17:43:02.491 [main] INFO  com.salesforce.commercecloud.config - Making INI file changes...
2017-12-21 17:43:02.491 [main] INFO  com.salesforce.commercecloud.config - Creating Ini file change list...
2017-12-21 17:43:02.491 [main] INFO  com.salesforce.commercecloud.config - Creating Ini file change list took 0 ms.
2017-12-21 17:43:02.491 [main] INFO  com.salesforce.commercecloud.config - displayWhatIniSettingsWillChange invoked...
2017-12-21 17:43:02.491 [main] INFO  com.salesforce.commercecloud.config - displayWhatIniSettingsWillChange completed in 0 ms.
2017-12-21 17:43:02.491 [main] INFO  com.salesforce.commercecloud.config - shouldContinue invoked...
2017-12-21 17:43:06.198 [main] INFO  com.salesforce.commercecloud.config - shouldContinue took 3707 ms. Long duration in this entry could be from user delaying their input.
2017-12-21 17:43:06.198 [main] INFO  com.salesforce.commercecloud.config - getFilesMatchingFileNamePattern...
2017-12-21 17:43:06.207 [main] INFO  com.salesforce.commercecloud.config - findConfigFiles invoked...
2017-12-21 17:43:06.209 [main] INFO  com.salesforce.commercecloud.config - findConfigFiles has 1 elements.
2017-12-21 17:43:06.209 [main] INFO  com.salesforce.commercecloud.config - findConfigFiles took 2 ms.
2017-12-21 17:43:06.209 [main] INFO  com.salesforce.commercecloud.config - getFilesMatchingFileNamePattern took 4 ms.
2017-12-21 17:43:06.209 [main] INFO  com.salesforce.commercecloud.config - getFilesContainingSection...
2017-12-21 17:43:06.210 [main] INFO  com.salesforce.commercecloud.config - getFilesContainingSection took 1 ms.
2017-12-21 17:43:06.210 [main] INFO  com.salesforce.commercecloud.config - backupOriginalFiles...
2017-12-21 17:43:06.210 [main] INFO  com.salesforce.commercecloud.config - backupFile invoked...
2017-12-21 17:43:06.210 [main] INFO  com.salesforce.commercecloud.config - appendBakToFile invoked...
2017-12-21 17:43:06.210 [main] INFO  com.salesforce.commercecloud.config - appendBakToFile took 0 ms.
2017-12-21 17:43:06.226 [main] INFO  com.salesforce.commercecloud.config - backupFile took 16 ms.
2017-12-21 17:43:06.226 [main] INFO  com.salesforce.commercecloud.config - backupOriginalFiles took 16 ms.
2017-12-21 17:43:06.226 [main] INFO  com.salesforce.commercecloud.config - makeEditsToIniFiles in 1 files...
2017-12-21 17:43:06.226 [main] INFO  com.salesforce.commercecloud.config - MakeChanges: 'C:\Development\TomsTools\IniFileEditor\IniFileEditor\ExampleFiles\setup.ini'...
2017-12-21 17:43:06.226 [main] INFO  com.salesforce.commercecloud.config - upsertKey invoked with line search range of 5 to 11 ...
2017-12-21 17:43:06.226 [main] INFO  com.salesforce.commercecloud.config - updateKeyValuePair invoked...
2017-12-21 17:43:06.226 [main] INFO  com.salesforce.commercecloud.config - Found : 'site=' in 'site=8601' on line 7.
2017-12-21 17:43:06.226 [main] INFO  com.salesforce.commercecloud.config - Setting: 'site=8601' to 'site=8601'.
2017-12-21 17:43:06.226 [main] INFO  com.salesforce.commercecloud.config - Done setting: 'site=8601' to 'site=8601' in place.
2017-12-21 17:43:06.226 [main] INFO  com.salesforce.commercecloud.config - Found : 'timeout=' in 'timeout=30' on line 10.
2017-12-21 17:43:06.226 [main] INFO  com.salesforce.commercecloud.config - Setting: 'timeout=30' to 'timeout=12121212'.
2017-12-21 17:43:06.226 [main] INFO  com.salesforce.commercecloud.config - Done setting: 'timeout=12121212' to 'timeout=12121212' in place.
2017-12-21 17:43:06.226 [main] INFO  com.salesforce.commercecloud.config - updateKeyValuePair took 0 ms and made '2' edits.
2017-12-21 17:43:06.226 [main] INFO  com.salesforce.commercecloud.config - insertNewKeyValuePair invoked...
2017-12-21 17:43:06.226 [main] INFO  com.salesforce.commercecloud.config - Inserting: 'somenewkey=somenewvalue4'.
2017-12-21 17:43:06.226 [main] INFO  com.salesforce.commercecloud.config - Inserting: 'somenewkey666=somenewvalue666'.
2017-12-21 17:43:06.226 [main] INFO  com.salesforce.commercecloud.config - insertNewKeyValuePair took 0 ms
2017-12-21 17:43:06.226 [main] INFO  com.salesforce.commercecloud.config - upsertKey with line search range of 5 - 11 completed in 0 ms.
2017-12-21 17:43:06.226 [main] INFO  com.salesforce.commercecloud.config - MakeChanges: 'C:\Development\TomsTools\IniFileEditor\IniFileEditor\ExampleFiles\setup.ini' took 0 ms.
2017-12-21 17:43:06.226 [main] INFO  com.salesforce.commercecloud.config - makeEditsToIniFiles took 0 ms.
2017-12-21 17:43:06.226 [main] INFO  com.salesforce.commercecloud.config - checkEditsToIniFiles in 1 files...
2017-12-21 17:43:06.226 [main] INFO  com.salesforce.commercecloud.config - VerifyChanges in file: 'C:\Development\TomsTools\IniFileEditor\IniFileEditor\ExampleFiles\setup.ini'...
2017-12-21 17:43:06.226 [main] INFO  com.salesforce.commercecloud.config - Found line: 'site=8601' in file 'C:\Development\TomsTools\IniFileEditor\IniFileEditor\ExampleFiles\setup.ini.
2017-12-21 17:43:06.226 [main] INFO  com.salesforce.commercecloud.config - Found line: 'timeout=12121212' in file 'C:\Development\TomsTools\IniFileEditor\IniFileEditor\ExampleFiles\setup.ini.
2017-12-21 17:43:06.226 [main] INFO  com.salesforce.commercecloud.config - Found line: 'somenewkey=somenewvalue4' in file 'C:\Development\TomsTools\IniFileEditor\IniFileEditor\ExampleFiles\setup.ini.
2017-12-21 17:43:06.226 [main] INFO  com.salesforce.commercecloud.config - Found line: 'somenewkey666=somenewvalue666' in file 'C:\Development\TomsTools\IniFileEditor\IniFileEditor\ExampleFiles\setup.ini.
2017-12-21 17:43:06.241 [main] INFO  com.salesforce.commercecloud.config - VerifyChanges: 'C:\Development\TomsTools\IniFileEditor\IniFileEditor\ExampleFiles\setup.ini' took 15 ms.
2017-12-21 17:43:06.241 [main] INFO  com.salesforce.commercecloud.config - checkEditsToIniFiles took 15 ms.
2017-12-21 17:43:06.241 [main] INFO  com.salesforce.commercecloud.config - getFilesMatchingFileNamePattern...
2017-12-21 17:43:06.241 [main] INFO  com.salesforce.commercecloud.config - findConfigFiles invoked...
2017-12-21 17:43:06.241 [main] INFO  com.salesforce.commercecloud.config - findConfigFiles has 1 elements.
2017-12-21 17:43:06.241 [main] INFO  com.salesforce.commercecloud.config - findConfigFiles took 0 ms.
2017-12-21 17:43:06.241 [main] INFO  com.salesforce.commercecloud.config - getFilesMatchingFileNamePattern took 0 ms.
2017-12-21 17:43:06.241 [main] INFO  com.salesforce.commercecloud.config - getFilesContainingSection...
2017-12-21 17:43:06.241 [main] INFO  com.salesforce.commercecloud.config - getFilesContainingSection took 0 ms.
2017-12-21 17:43:06.241 [main] INFO  com.salesforce.commercecloud.config - backupOriginalFiles...
2017-12-21 17:43:06.241 [main] INFO  com.salesforce.commercecloud.config - backupFile invoked...
2017-12-21 17:43:06.241 [main] INFO  com.salesforce.commercecloud.config - appendBakToFile invoked...
2017-12-21 17:43:06.241 [main] INFO  com.salesforce.commercecloud.config - appendBakToFile took 0 ms.
2017-12-21 17:43:06.241 [main] INFO  com.salesforce.commercecloud.config - backupFile took 0 ms.
2017-12-21 17:43:06.241 [main] INFO  com.salesforce.commercecloud.config - backupOriginalFiles took 0 ms.
2017-12-21 17:43:06.241 [main] INFO  com.salesforce.commercecloud.config - makeEditsToIniFiles in 1 files...
2017-12-21 17:43:06.241 [main] INFO  com.salesforce.commercecloud.config - MakeChanges: 'C:\Development\TomsTools\IniFileEditor\IniFileEditor\ExampleFiles\tomax.ini'...
2017-12-21 17:43:06.241 [main] INFO  com.salesforce.commercecloud.config - upsertKey invoked with line search range of 22 to 28 ...
2017-12-21 17:43:06.241 [main] INFO  com.salesforce.commercecloud.config - updateKeyValuePair invoked...
2017-12-21 17:43:06.241 [main] INFO  com.salesforce.commercecloud.config - updateKeyValuePair took 0 ms and made '0' edits.
2017-12-21 17:43:06.241 [main] INFO  com.salesforce.commercecloud.config - insertNewKeyValuePair invoked...
2017-12-21 17:43:06.241 [main] INFO  com.salesforce.commercecloud.config - Inserting: 'LogoFile1=somenewvalue5'.
2017-12-21 17:43:06.241 [main] INFO  com.salesforce.commercecloud.config - Inserting: 'Printer1=receipt_changed.txt'.
2017-12-21 17:43:06.241 [main] INFO  com.salesforce.commercecloud.config - Inserting: 'somenewkey=somenewvalue4'.
2017-12-21 17:43:06.241 [main] INFO  com.salesforce.commercecloud.config - Inserting: 'Printer3=receipt33.txt'.
2017-12-21 17:43:06.241 [main] INFO  com.salesforce.commercecloud.config - Inserting: 'Printer4=receipt4_edited2.txt'.
2017-12-21 17:43:06.241 [main] INFO  com.salesforce.commercecloud.config - insertNewKeyValuePair took 0 ms
2017-12-21 17:43:06.241 [main] INFO  com.salesforce.commercecloud.config - upsertKey with line search range of 22 - 28 completed in 0 ms.
2017-12-21 17:43:06.257 [main] INFO  com.salesforce.commercecloud.config - MakeChanges: 'C:\Development\TomsTools\IniFileEditor\IniFileEditor\ExampleFiles\tomax.ini' took 16 ms.
2017-12-21 17:43:06.257 [main] INFO  com.salesforce.commercecloud.config - makeEditsToIniFiles took 16 ms.
2017-12-21 17:43:06.257 [main] INFO  com.salesforce.commercecloud.config - checkEditsToIniFiles in 1 files...
2017-12-21 17:43:06.257 [main] INFO  com.salesforce.commercecloud.config - VerifyChanges in file: 'C:\Development\TomsTools\IniFileEditor\IniFileEditor\ExampleFiles\tomax.ini'...
2017-12-21 17:43:06.257 [main] INFO  com.salesforce.commercecloud.config - Found line: 'LogoFile1=somenewvalue5' in file 'C:\Development\TomsTools\IniFileEditor\IniFileEditor\ExampleFiles\tomax.ini.
2017-12-21 17:43:06.257 [main] INFO  com.salesforce.commercecloud.config - Found line: 'Printer1=receipt_changed.txt' in file 'C:\Development\TomsTools\IniFileEditor\IniFileEditor\ExampleFiles\tomax.ini.
2017-12-21 17:43:06.257 [main] INFO  com.salesforce.commercecloud.config - Found line: 'somenewkey=somenewvalue4' in file 'C:\Development\TomsTools\IniFileEditor\IniFileEditor\ExampleFiles\tomax.ini.
2017-12-21 17:43:06.257 [main] INFO  com.salesforce.commercecloud.config - Found line: 'Printer3=receipt33.txt' in file 'C:\Development\TomsTools\IniFileEditor\IniFileEditor\ExampleFiles\tomax.ini.
2017-12-21 17:43:06.257 [main] INFO  com.salesforce.commercecloud.config - Found line: 'Printer4=receipt4_edited2.txt' in file 'C:\Development\TomsTools\IniFileEditor\IniFileEditor\ExampleFiles\tomax.ini.
2017-12-21 17:43:06.257 [main] INFO  com.salesforce.commercecloud.config - VerifyChanges: 'C:\Development\TomsTools\IniFileEditor\IniFileEditor\ExampleFiles\tomax.ini' took 0 ms.
2017-12-21 17:43:06.273 [main] INFO  com.salesforce.commercecloud.config - checkEditsToIniFiles took 16 ms.
2017-12-21 17:43:06.273 [main] INFO  com.salesforce.commercecloud.config - Making INI file changes completed in 3782.
2017-12-21 17:43:06.273 [main] INFO  com.salesforce.commercecloud.config - Making host file changes...
2017-12-21 17:43:06.273 [main] INFO  com.salesforce.commercecloud.config - Creating Host file changes...
2017-12-21 17:43:06.273 [main] INFO  com.salesforce.commercecloud.config - Searching absolute path: 'C:\Development\TomsTools\IniFileEditor\IniFileEditor\.' for: 'appconfig.xml'.
2017-12-21 17:43:06.273 [main] INFO  com.salesforce.commercecloud.config - Creating Host file changes took 0 ms.
2017-12-21 17:43:06.273 [main] INFO  com.salesforce.commercecloud.config - 3 host file changes found in configuration.
2017-12-21 17:43:06.273 [main] INFO  com.salesforce.commercecloud.config - displayWhatWillChangeInHostFile invoked...
2017-12-21 17:43:06.273 [main] INFO  com.salesforce.commercecloud.config - displayWhatWillChangeInHostFile took 0 ms.
2017-12-21 17:43:06.273 [main] INFO  com.salesforce.commercecloud.config - shouldContinue invoked...
2017-12-21 17:43:10.570 [main] INFO  com.salesforce.commercecloud.config - shouldContinue took 4297 ms. Long duration in this entry could be from user delaying their input.
2017-12-21 17:43:10.570 [main] INFO  com.salesforce.commercecloud.config - backupOriginalFiles...
2017-12-21 17:43:10.580 [main] INFO  com.salesforce.commercecloud.config - backupFile invoked...
2017-12-21 17:43:10.580 [main] INFO  com.salesforce.commercecloud.config - appendBakToFile invoked...
2017-12-21 17:43:10.580 [main] INFO  com.salesforce.commercecloud.config - appendBakToFile took 0 ms.
2017-12-21 17:43:10.597 [main] ERROR com.salesforce.commercecloud.config - Error in backupFile: java.nio.file.AccessDeniedException: C:\Windows\system32\drivers\etc\hosts -> C:\Windows\system32\drivers\etc\hosts.bak_20171221174310
2017-12-21 17:43:10.613 [main] INFO  com.salesforce.commercecloud.config - backupFile took 33 ms.
2017-12-21 17:43:10.613 [main] WARN  com.salesforce.commercecloud.config - ERROR - Could not backup file: 'C:\Windows\system32\drivers\etc\hosts'. Suggestion: Check that the program is running as administrator and that the read-only attribute is not set.
2017-12-21 17:43:10.613 [main] INFO  com.salesforce.commercecloud.config - backupOriginalFiles took 33 ms.
2017-12-21 17:43:10.613 [main] INFO  com.salesforce.commercecloud.config - makeEditsToHostFiles in 1 files...
2017-12-21 17:43:10.613 [main] INFO  com.salesforce.commercecloud.config - MakeChanges: 'C:\Windows\system32\drivers\etc\hosts'...
2017-12-21 17:43:10.613 [main] INFO  com.salesforce.commercecloud.config - upsertKey invoked with line search range of 0 to 22 ...
2017-12-21 17:43:10.613 [main] INFO  com.salesforce.commercecloud.config - updateKeyValuePair invoked...
2017-12-21 17:43:10.613 [main] INFO  com.salesforce.commercecloud.config - updateKeyValuePair took 0 ms
2017-12-21 17:43:10.613 [main] INFO  com.salesforce.commercecloud.config - insertNewKeyValuePair invoked...
2017-12-21 17:43:10.613 [main] INFO  com.salesforce.commercecloud.config - Inserting: '9.9.9.9	myhost2.com'.
2017-12-21 17:43:10.613 [main] INFO  com.salesforce.commercecloud.config - Inserting: '8.8.8.8	myhost1.com'.
2017-12-21 17:43:10.613 [main] INFO  com.salesforce.commercecloud.config - insertNewKeyValuePair took 0 ms
2017-12-21 17:43:10.613 [main] INFO  com.salesforce.commercecloud.config - upsertKey with line search range of 0 - 22 took 0 ms.
2017-12-21 17:43:10.613 [main] INFO  com.salesforce.commercecloud.config - updateKeyValuePair invoked...
2017-12-21 17:43:10.613 [main] INFO  com.salesforce.commercecloud.config - Found ip address: 'myhost3.com' in '9.10.9.10	myhost3.com' on line 22. Checking the host.
2017-12-21 17:43:10.613 [main] INFO  com.salesforce.commercecloud.config - Removing: '9.10.9.10	myhost3.com'.
2017-12-21 17:43:10.613 [main] INFO  com.salesforce.commercecloud.config - updateKeyValuePair took 0 ms
2017-12-21 17:43:10.613 [main] INFO  com.salesforce.commercecloud.config - upsertKey with line search range of 0 - 22 took 0 ms.
2017-12-21 17:43:10.613 [main] ERROR com.salesforce.commercecloud.config - Error in overwriteFile: java.io.FileNotFoundException: C:\Windows\system32\drivers\etc\hosts (Access is denied)
2017-12-21 17:43:10.613 [main] WARN  com.salesforce.commercecloud.config - ERROR - Changes in file: 'C:\Windows\system32\drivers\etc\hosts' could not be made. Suggestion: Check that the program is running as administrator and that the read-only attribute is not set.
2017-12-21 17:43:10.613 [main] INFO  com.salesforce.commercecloud.config - makeEditsToHostFiles took 0 ms.
2017-12-21 17:43:10.613 [main] INFO  com.salesforce.commercecloud.config - checkEditsToHostFiles in 1 files...
2017-12-21 17:43:10.613 [main] INFO  com.salesforce.commercecloud.config - VerifyChanges in file: 'C:\Windows\system32\drivers\etc\hosts'...
2017-12-21 17:43:10.613 [main] INFO  com.salesforce.commercecloud.config - VerifyChanges: 'C:\Windows\system32\drivers\etc\hosts' took 0 ms.
2017-12-21 17:43:10.613 [main] WARN  com.salesforce.commercecloud.config - ERROR - Changes in file: 'C:\Windows\system32\drivers\etc\hosts' could not be verified. Suggestion: Check that the program is running as administrator and that the read-only attribute is not set.
2017-12-21 17:43:10.613 [main] INFO  com.salesforce.commercecloud.config - checkEditsToHostFiles took 0 ms.
2017-12-21 17:43:10.613 [main] INFO  com.salesforce.commercecloud.config - Making host file changes completed in 4340 ms.
2017-12-21 17:43:10.613 [main] INFO  com.salesforce.commercecloud.config - Program completed in 8138 ms.
2017-12-21 17:44:00.157 [main] INFO  com.salesforce.commercecloud.config - Starting program...
2017-12-21 17:44:00.162 [main] INFO  com.salesforce.commercecloud.config - Searching absolute path: 'C:\Development\TomsTools\IniFileEditor\IniFileEditor\.' for: 'appconfig.xml'.
2017-12-21 17:44:00.173 [main] INFO  com.salesforce.commercecloud.config - Making INI file changes...
2017-12-21 17:44:00.174 [main] INFO  com.salesforce.commercecloud.config - Creating Ini file change list...
2017-12-21 17:44:00.175 [main] INFO  com.salesforce.commercecloud.config - Creating Ini file change list took 1 ms.
2017-12-21 17:44:00.175 [main] INFO  com.salesforce.commercecloud.config - displayWhatIniSettingsWillChange invoked...
2017-12-21 17:44:00.176 [main] INFO  com.salesforce.commercecloud.config - displayWhatIniSettingsWillChange completed in 1 ms.
2017-12-21 17:44:00.176 [main] INFO  com.salesforce.commercecloud.config - shouldContinue invoked...
2017-12-21 17:44:03.149 [main] INFO  com.salesforce.commercecloud.config - shouldContinue took 2973 ms. Long duration in this entry could be from user delaying their input.
2017-12-21 17:44:03.149 [main] INFO  com.salesforce.commercecloud.config - getFilesMatchingFileNamePattern...
2017-12-21 17:44:03.150 [main] INFO  com.salesforce.commercecloud.config - findConfigFiles invoked...
2017-12-21 17:44:03.153 [main] INFO  com.salesforce.commercecloud.config - findConfigFiles has 1 elements.
2017-12-21 17:44:03.153 [main] INFO  com.salesforce.commercecloud.config - findConfigFiles took 2 ms.
2017-12-21 17:44:03.154 [main] INFO  com.salesforce.commercecloud.config - getFilesMatchingFileNamePattern took 5 ms.
2017-12-21 17:44:03.154 [main] INFO  com.salesforce.commercecloud.config - getFilesContainingSection...
2017-12-21 17:44:03.156 [main] INFO  com.salesforce.commercecloud.config - getFilesContainingSection took 2 ms.
2017-12-21 17:44:03.156 [main] INFO  com.salesforce.commercecloud.config - backupOriginalFiles...
2017-12-21 17:44:03.157 [main] INFO  com.salesforce.commercecloud.config - backupFile invoked...
2017-12-21 17:44:03.157 [main] INFO  com.salesforce.commercecloud.config - appendBakToFile invoked...
2017-12-21 17:44:03.158 [main] INFO  com.salesforce.commercecloud.config - appendBakToFile took 1 ms.
2017-12-21 17:44:03.175 [main] INFO  com.salesforce.commercecloud.config - backupFile took 18 ms.
2017-12-21 17:44:03.175 [main] INFO  com.salesforce.commercecloud.config - backupOriginalFiles took 19 ms.
2017-12-21 17:44:03.176 [main] INFO  com.salesforce.commercecloud.config - makeEditsToIniFiles in 1 files...
2017-12-21 17:44:03.176 [main] INFO  com.salesforce.commercecloud.config - MakeChanges: 'C:\Development\TomsTools\IniFileEditor\IniFileEditor\ExampleFiles\setup.ini'...
2017-12-21 17:44:03.176 [main] INFO  com.salesforce.commercecloud.config - upsertKey invoked with line search range of 5 to 13 ...
2017-12-21 17:44:03.176 [main] INFO  com.salesforce.commercecloud.config - updateKeyValuePair invoked...
2017-12-21 17:44:03.177 [main] INFO  com.salesforce.commercecloud.config - Found : 'site=' in 'site=8601' on line 7.
2017-12-21 17:44:03.177 [main] INFO  com.salesforce.commercecloud.config - Setting: 'site=8601' to 'site=8601'.
2017-12-21 17:44:03.177 [main] INFO  com.salesforce.commercecloud.config - Done setting: 'site=8601' to 'site=8601' in place.
2017-12-21 17:44:03.177 [main] INFO  com.salesforce.commercecloud.config - Found : 'timeout=' in 'timeout=12121212' on line 10.
2017-12-21 17:44:03.178 [main] INFO  com.salesforce.commercecloud.config - Setting: 'timeout=12121212' to 'timeout=12121212'.
2017-12-21 17:44:03.178 [main] INFO  com.salesforce.commercecloud.config - Done setting: 'timeout=12121212' to 'timeout=12121212' in place.
2017-12-21 17:44:03.178 [main] INFO  com.salesforce.commercecloud.config - Found : 'somenewkey=' in 'somenewkey=somenewvalue4' on line 11.
2017-12-21 17:44:03.178 [main] INFO  com.salesforce.commercecloud.config - Setting: 'somenewkey=somenewvalue4' to 'somenewkey=somenewvalue4'.
2017-12-21 17:44:03.178 [main] INFO  com.salesforce.commercecloud.config - Done setting: 'somenewkey=somenewvalue4' to 'somenewkey=somenewvalue4' in place.
2017-12-21 17:44:03.179 [main] INFO  com.salesforce.commercecloud.config - Found : 'somenewkey666=' in 'somenewkey666=somenewvalue666' on line 12.
2017-12-21 17:44:03.179 [main] INFO  com.salesforce.commercecloud.config - Setting: 'somenewkey666=somenewvalue666' to 'somenewkey666=somenewvalue666'.
2017-12-21 17:44:03.179 [main] INFO  com.salesforce.commercecloud.config - Done setting: 'somenewkey666=somenewvalue666' to 'somenewkey666=somenewvalue666' in place.
2017-12-21 17:44:03.179 [main] INFO  com.salesforce.commercecloud.config - updateKeyValuePair took 2 ms and made '4' edits.
2017-12-21 17:44:03.179 [main] INFO  com.salesforce.commercecloud.config - insertNewKeyValuePair invoked...
2017-12-21 17:44:03.180 [main] INFO  com.salesforce.commercecloud.config - insertNewKeyValuePair took 0 ms
2017-12-21 17:44:03.180 [main] INFO  com.salesforce.commercecloud.config - upsertKey with line search range of 5 - 13 completed in 4 ms.
2017-12-21 17:44:03.184 [main] INFO  com.salesforce.commercecloud.config - MakeChanges: 'C:\Development\TomsTools\IniFileEditor\IniFileEditor\ExampleFiles\setup.ini' took 8 ms.
2017-12-21 17:44:03.184 [main] INFO  com.salesforce.commercecloud.config - makeEditsToIniFiles took 8 ms.
2017-12-21 17:44:03.184 [main] INFO  com.salesforce.commercecloud.config - checkEditsToIniFiles in 1 files...
2017-12-21 17:44:03.184 [main] INFO  com.salesforce.commercecloud.config - VerifyChanges in file: 'C:\Development\TomsTools\IniFileEditor\IniFileEditor\ExampleFiles\setup.ini'...
2017-12-21 17:44:03.185 [main] INFO  com.salesforce.commercecloud.config - Found line: 'site=8601' in file 'C:\Development\TomsTools\IniFileEditor\IniFileEditor\ExampleFiles\setup.ini.
2017-12-21 17:44:03.186 [main] INFO  com.salesforce.commercecloud.config - Found line: 'timeout=12121212' in file 'C:\Development\TomsTools\IniFileEditor\IniFileEditor\ExampleFiles\setup.ini.
2017-12-21 17:44:03.187 [main] INFO  com.salesforce.commercecloud.config - Found line: 'somenewkey=somenewvalue4' in file 'C:\Development\TomsTools\IniFileEditor\IniFileEditor\ExampleFiles\setup.ini.
2017-12-21 17:44:03.187 [main] INFO  com.salesforce.commercecloud.config - Found line: 'somenewkey666=somenewvalue666' in file 'C:\Development\TomsTools\IniFileEditor\IniFileEditor\ExampleFiles\setup.ini.
2017-12-21 17:44:03.198 [main] INFO  com.salesforce.commercecloud.config - VerifyChanges: 'C:\Development\TomsTools\IniFileEditor\IniFileEditor\ExampleFiles\setup.ini' took 14 ms.
2017-12-21 17:44:03.199 [main] INFO  com.salesforce.commercecloud.config - checkEditsToIniFiles took 15 ms.
2017-12-21 17:44:03.199 [main] INFO  com.salesforce.commercecloud.config - getFilesMatchingFileNamePattern...
2017-12-21 17:44:03.199 [main] INFO  com.salesforce.commercecloud.config - findConfigFiles invoked...
2017-12-21 17:44:03.201 [main] INFO  com.salesforce.commercecloud.config - findConfigFiles has 1 elements.
2017-12-21 17:44:03.201 [main] INFO  com.salesforce.commercecloud.config - findConfigFiles took 2 ms.
2017-12-21 17:44:03.201 [main] INFO  com.salesforce.commercecloud.config - getFilesMatchingFileNamePattern took 2 ms.
2017-12-21 17:44:03.201 [main] INFO  com.salesforce.commercecloud.config - getFilesContainingSection...
2017-12-21 17:44:03.203 [main] INFO  com.salesforce.commercecloud.config - getFilesContainingSection took 2 ms.
2017-12-21 17:44:03.203 [main] INFO  com.salesforce.commercecloud.config - backupOriginalFiles...
2017-12-21 17:44:03.203 [main] INFO  com.salesforce.commercecloud.config - backupFile invoked...
2017-12-21 17:44:03.203 [main] INFO  com.salesforce.commercecloud.config - appendBakToFile invoked...
2017-12-21 17:44:03.204 [main] INFO  com.salesforce.commercecloud.config - appendBakToFile took 1 ms.
2017-12-21 17:44:03.212 [main] INFO  com.salesforce.commercecloud.config - backupFile took 8 ms.
2017-12-21 17:44:03.212 [main] INFO  com.salesforce.commercecloud.config - backupOriginalFiles took 9 ms.
2017-12-21 17:44:03.212 [main] INFO  com.salesforce.commercecloud.config - makeEditsToIniFiles in 1 files...
2017-12-21 17:44:03.212 [main] INFO  com.salesforce.commercecloud.config - MakeChanges: 'C:\Development\TomsTools\IniFileEditor\IniFileEditor\ExampleFiles\tomax.ini'...
2017-12-21 17:44:03.213 [main] INFO  com.salesforce.commercecloud.config - upsertKey invoked with line search range of 22 to 33 ...
2017-12-21 17:44:03.213 [main] INFO  com.salesforce.commercecloud.config - updateKeyValuePair invoked...
2017-12-21 17:44:03.214 [main] INFO  com.salesforce.commercecloud.config - Found : 'LogoFile1=' in 'LogoFile1=somenewvalue5' on line 28.
2017-12-21 17:44:03.214 [main] INFO  com.salesforce.commercecloud.config - Setting: 'LogoFile1=somenewvalue5' to 'LogoFile1=somenewvalue5'.
2017-12-21 17:44:03.214 [main] INFO  com.salesforce.commercecloud.config - Done setting: 'LogoFile1=somenewvalue5' to 'LogoFile1=somenewvalue5' in place.
2017-12-21 17:44:03.215 [main] INFO  com.salesforce.commercecloud.config - Found : 'Printer1=' in 'Printer1=receipt_changed.txt' on line 29.
2017-12-21 17:44:03.215 [main] INFO  com.salesforce.commercecloud.config - Setting: 'Printer1=receipt_changed.txt' to 'Printer1=receipt_changed.txt'.
2017-12-21 17:44:03.215 [main] INFO  com.salesforce.commercecloud.config - Done setting: 'Printer1=receipt_changed.txt' to 'Printer1=receipt_changed.txt' in place.
2017-12-21 17:44:03.215 [main] INFO  com.salesforce.commercecloud.config - Found : 'somenewkey=' in 'somenewkey=somenewvalue4' on line 30.
2017-12-21 17:44:03.215 [main] INFO  com.salesforce.commercecloud.config - Setting: 'somenewkey=somenewvalue4' to 'somenewkey=somenewvalue4'.
2017-12-21 17:44:03.216 [main] INFO  com.salesforce.commercecloud.config - Done setting: 'somenewkey=somenewvalue4' to 'somenewkey=somenewvalue4' in place.
2017-12-21 17:44:03.216 [main] INFO  com.salesforce.commercecloud.config - Found : 'Printer3=' in 'Printer3=receipt33.txt' on line 31.
2017-12-21 17:44:03.216 [main] INFO  com.salesforce.commercecloud.config - Setting: 'Printer3=receipt33.txt' to 'Printer3=receipt33.txt'.
2017-12-21 17:44:03.216 [main] INFO  com.salesforce.commercecloud.config - Done setting: 'Printer3=receipt33.txt' to 'Printer3=receipt33.txt' in place.
2017-12-21 17:44:03.216 [main] INFO  com.salesforce.commercecloud.config - Found : 'Printer4=' in 'Printer4=receipt4_edited2.txt' on line 32.
2017-12-21 17:44:03.216 [main] INFO  com.salesforce.commercecloud.config - Setting: 'Printer4=receipt4_edited2.txt' to 'Printer4=receipt4_edited2.txt'.
2017-12-21 17:44:03.217 [main] INFO  com.salesforce.commercecloud.config - Done setting: 'Printer4=receipt4_edited2.txt' to 'Printer4=receipt4_edited2.txt' in place.
2017-12-21 17:44:03.217 [main] INFO  com.salesforce.commercecloud.config - updateKeyValuePair took 3 ms and made '5' edits.
2017-12-21 17:44:03.217 [main] INFO  com.salesforce.commercecloud.config - insertNewKeyValuePair invoked...
2017-12-21 17:44:03.217 [main] INFO  com.salesforce.commercecloud.config - insertNewKeyValuePair took 0 ms
2017-12-21 17:44:03.217 [main] INFO  com.salesforce.commercecloud.config - upsertKey with line search range of 22 - 33 completed in 4 ms.
2017-12-21 17:44:03.224 [main] INFO  com.salesforce.commercecloud.config - MakeChanges: 'C:\Development\TomsTools\IniFileEditor\IniFileEditor\ExampleFiles\tomax.ini' took 12 ms.
2017-12-21 17:44:03.225 [main] INFO  com.salesforce.commercecloud.config - makeEditsToIniFiles took 13 ms.
2017-12-21 17:44:03.225 [main] INFO  com.salesforce.commercecloud.config - checkEditsToIniFiles in 1 files...
2017-12-21 17:44:03.225 [main] INFO  com.salesforce.commercecloud.config - VerifyChanges in file: 'C:\Development\TomsTools\IniFileEditor\IniFileEditor\ExampleFiles\tomax.ini'...
2017-12-21 17:44:03.227 [main] INFO  com.salesforce.commercecloud.config - Found line: 'LogoFile1=somenewvalue5' in file 'C:\Development\TomsTools\IniFileEditor\IniFileEditor\ExampleFiles\tomax.ini.
2017-12-21 17:44:03.228 [main] INFO  com.salesforce.commercecloud.config - Found line: 'Printer1=receipt_changed.txt' in file 'C:\Development\TomsTools\IniFileEditor\IniFileEditor\ExampleFiles\tomax.ini.
2017-12-21 17:44:03.228 [main] INFO  com.salesforce.commercecloud.config - Found line: 'somenewkey=somenewvalue4' in file 'C:\Development\TomsTools\IniFileEditor\IniFileEditor\ExampleFiles\tomax.ini.
2017-12-21 17:44:03.229 [main] INFO  com.salesforce.commercecloud.config - Found line: 'Printer3=receipt33.txt' in file 'C:\Development\TomsTools\IniFileEditor\IniFileEditor\ExampleFiles\tomax.ini.
2017-12-21 17:44:03.229 [main] INFO  com.salesforce.commercecloud.config - Found line: 'Printer4=receipt4_edited2.txt' in file 'C:\Development\TomsTools\IniFileEditor\IniFileEditor\ExampleFiles\tomax.ini.
2017-12-21 17:44:03.230 [main] INFO  com.salesforce.commercecloud.config - VerifyChanges: 'C:\Development\TomsTools\IniFileEditor\IniFileEditor\ExampleFiles\tomax.ini' took 5 ms.
2017-12-21 17:44:03.230 [main] INFO  com.salesforce.commercecloud.config - checkEditsToIniFiles took 5 ms.
2017-12-21 17:44:03.230 [main] INFO  com.salesforce.commercecloud.config - Making INI file changes completed in 3056.
2017-12-21 17:44:03.230 [main] INFO  com.salesforce.commercecloud.config - Making host file changes...
2017-12-21 17:44:03.230 [main] INFO  com.salesforce.commercecloud.config - Creating Host file changes...
2017-12-21 17:44:03.230 [main] INFO  com.salesforce.commercecloud.config - Searching absolute path: 'C:\Development\TomsTools\IniFileEditor\IniFileEditor\.' for: 'appconfig.xml'.
2017-12-21 17:44:03.234 [main] INFO  com.salesforce.commercecloud.config - Creating Host file changes took 4 ms.
2017-12-21 17:44:03.234 [main] INFO  com.salesforce.commercecloud.config - 3 host file changes found in configuration.
2017-12-21 17:44:03.234 [main] INFO  com.salesforce.commercecloud.config - displayWhatWillChangeInHostFile invoked...
2017-12-21 17:44:03.234 [main] INFO  com.salesforce.commercecloud.config - displayWhatWillChangeInHostFile took 0 ms.
2017-12-21 17:44:03.234 [main] INFO  com.salesforce.commercecloud.config - shouldContinue invoked...
2017-12-21 17:44:06.059 [main] INFO  com.salesforce.commercecloud.config - shouldContinue took 2824 ms. Long duration in this entry could be from user delaying their input.
2017-12-21 17:44:06.060 [main] INFO  com.salesforce.commercecloud.config - backupOriginalFiles...
2017-12-21 17:44:06.060 [main] INFO  com.salesforce.commercecloud.config - backupFile invoked...
2017-12-21 17:44:06.060 [main] INFO  com.salesforce.commercecloud.config - appendBakToFile invoked...
2017-12-21 17:44:06.060 [main] INFO  com.salesforce.commercecloud.config - appendBakToFile took 0 ms.
2017-12-21 17:44:06.068 [main] INFO  com.salesforce.commercecloud.config - backupFile took 8 ms.
2017-12-21 17:44:06.068 [main] INFO  com.salesforce.commercecloud.config - backupOriginalFiles took 8 ms.
2017-12-21 17:44:06.068 [main] INFO  com.salesforce.commercecloud.config - makeEditsToHostFiles in 1 files...
2017-12-21 17:44:06.070 [main] INFO  com.salesforce.commercecloud.config - MakeChanges: 'C:\Windows\system32\drivers\etc\hosts'...
2017-12-21 17:44:06.070 [main] INFO  com.salesforce.commercecloud.config - upsertKey invoked with line search range of 0 to 22 ...
2017-12-21 17:44:06.070 [main] INFO  com.salesforce.commercecloud.config - updateKeyValuePair invoked...
2017-12-21 17:44:06.071 [main] INFO  com.salesforce.commercecloud.config - updateKeyValuePair took 0 ms
2017-12-21 17:44:06.071 [main] INFO  com.salesforce.commercecloud.config - insertNewKeyValuePair invoked...
2017-12-21 17:44:06.071 [main] INFO  com.salesforce.commercecloud.config - Inserting: '9.9.9.9	myhost2.com'.
2017-12-21 17:44:06.071 [main] INFO  com.salesforce.commercecloud.config - Inserting: '8.8.8.8	myhost1.com'.
2017-12-21 17:44:06.071 [main] INFO  com.salesforce.commercecloud.config - insertNewKeyValuePair took 0 ms
2017-12-21 17:44:06.071 [main] INFO  com.salesforce.commercecloud.config - upsertKey with line search range of 0 - 22 took 1 ms.
2017-12-21 17:44:06.071 [main] INFO  com.salesforce.commercecloud.config - updateKeyValuePair invoked...
2017-12-21 17:44:06.071 [main] INFO  com.salesforce.commercecloud.config - Found ip address: 'myhost3.com' in '9.10.9.10	myhost3.com' on line 22. Checking the host.
2017-12-21 17:44:06.072 [main] INFO  com.salesforce.commercecloud.config - Removing: '9.10.9.10	myhost3.com'.
2017-12-21 17:44:06.072 [main] INFO  com.salesforce.commercecloud.config - updateKeyValuePair took 1 ms
2017-12-21 17:44:06.072 [main] INFO  com.salesforce.commercecloud.config - upsertKey with line search range of 0 - 22 took 1 ms.
2017-12-21 17:44:06.080 [main] INFO  com.salesforce.commercecloud.config - MakeChanges: 'C:\Windows\system32\drivers\etc\hosts' took 9 ms.
2017-12-21 17:44:06.080 [main] INFO  com.salesforce.commercecloud.config - makeEditsToHostFiles took 11 ms.
2017-12-21 17:44:06.080 [main] INFO  com.salesforce.commercecloud.config - checkEditsToHostFiles in 1 files...
2017-12-21 17:44:06.080 [main] INFO  com.salesforce.commercecloud.config - VerifyChanges in file: 'C:\Windows\system32\drivers\etc\hosts'...
2017-12-21 17:44:06.083 [main] INFO  com.salesforce.commercecloud.config - VerifyChanges: 'C:\Windows\system32\drivers\etc\hosts' took 3 ms.
2017-12-21 17:44:06.084 [main] WARN  com.salesforce.commercecloud.config - ERROR - Changes in file: 'C:\Windows\system32\drivers\etc\hosts' could not be verified. Suggestion: Check that the program is running as administrator and that the read-only attribute is not set.
2017-12-21 17:44:06.087 [main] INFO  com.salesforce.commercecloud.config - checkEditsToHostFiles took 7 ms.
2017-12-21 17:44:06.087 [main] INFO  com.salesforce.commercecloud.config - Making host file changes completed in 2857 ms.
2017-12-21 17:44:06.087 [main] INFO  com.salesforce.commercecloud.config - Program completed in 5926 ms.
2018-04-12 11:49:10.429 [main] INFO  com.salesforce.commercecloud.config - Starting program...
2018-04-12 11:49:10.435 [main] INFO  com.salesforce.commercecloud.config - Searching absolute path: 'C:\Development\TomsTools\IniFileEditor\IniFileEditor\.' for: 'appconfig.xml'.
2018-04-12 11:49:10.449 [main] INFO  com.salesforce.commercecloud.config - Making INI file changes...
2018-04-12 11:49:10.450 [main] INFO  com.salesforce.commercecloud.config - Creating Ini file change list...
2018-04-12 11:49:10.451 [main] INFO  com.salesforce.commercecloud.config - Creating Ini file change list took 1 ms.
2018-04-12 11:49:10.451 [main] INFO  com.salesforce.commercecloud.config - displayWhatIniSettingsWillChange invoked...
2018-04-12 11:49:10.452 [main] INFO  com.salesforce.commercecloud.config - displayWhatIniSettingsWillChange completed in 0 ms.
2018-04-12 11:49:10.452 [main] INFO  com.salesforce.commercecloud.config - shouldContinue invoked...
2018-04-12 11:49:10.453 [main] INFO  com.salesforce.commercecloud.config - shouldContinue took 0 ms. Long duration in this entry could be from user delaying their input.
2018-04-12 11:49:10.453 [main] INFO  com.salesforce.commercecloud.config - getFilesMatchingFileNamePattern...
2018-04-12 11:49:10.455 [main] INFO  com.salesforce.commercecloud.config - findConfigFiles invoked...
2018-04-12 11:49:10.465 [main] INFO  com.salesforce.commercecloud.config - findConfigFiles has 1 elements.
2018-04-12 11:49:10.465 [main] INFO  com.salesforce.commercecloud.config - findConfigFiles took 2 ms.
2018-04-12 11:49:10.465 [main] INFO  com.salesforce.commercecloud.config - getFilesMatchingFileNamePattern took 12 ms.
2018-04-12 11:49:10.465 [main] INFO  com.salesforce.commercecloud.config - getFilesContainingSection...
2018-04-12 11:49:10.469 [main] INFO  com.salesforce.commercecloud.config - getFilesContainingSection took 3 ms.
2018-04-12 11:49:10.469 [main] INFO  com.salesforce.commercecloud.config - backupOriginalFiles...
2018-04-12 11:49:10.470 [main] INFO  com.salesforce.commercecloud.config - backupFile invoked...
2018-04-12 11:49:10.471 [main] INFO  com.salesforce.commercecloud.config - appendBakToFile invoked...
2018-04-12 11:49:10.471 [main] INFO  com.salesforce.commercecloud.config - appendBakToFile took 0 ms.
2018-04-12 11:49:10.493 [main] INFO  com.salesforce.commercecloud.config - backupFile took 22 ms.
2018-04-12 11:49:10.494 [main] INFO  com.salesforce.commercecloud.config - backupOriginalFiles took 24 ms.
2018-04-12 11:49:10.494 [main] INFO  com.salesforce.commercecloud.config - makeEditsToIniFiles in 1 files...
2018-04-12 11:49:10.494 [main] INFO  com.salesforce.commercecloud.config - MakeChanges: 'C:\Mckesson\client\setup.ini'...
2018-04-12 11:49:10.494 [main] INFO  com.salesforce.commercecloud.config - upsertKey invoked with line search range of 5 to 11 ...
2018-04-12 11:49:10.495 [main] INFO  com.salesforce.commercecloud.config - updateKeyValuePair invoked...
2018-04-12 11:49:10.495 [main] INFO  com.salesforce.commercecloud.config - Found : 'host=' in 'host=10.41.18.17' on line 8.
2018-04-12 11:49:10.495 [main] INFO  com.salesforce.commercecloud.config - Setting: 'host=10.41.18.17' to 'host=mckprod.cloud.retail.net'.
2018-04-12 11:49:10.496 [main] INFO  com.salesforce.commercecloud.config - Done setting: 'host=mckprod.cloud.retail.net' to 'host=mckprod.cloud.retail.net' in place.
2018-04-12 11:49:10.496 [main] INFO  com.salesforce.commercecloud.config - updateKeyValuePair took 1 ms and made '1' edits.
2018-04-12 11:49:10.496 [main] INFO  com.salesforce.commercecloud.config - insertNewKeyValuePair invoked...
2018-04-12 11:49:10.496 [main] INFO  com.salesforce.commercecloud.config - insertNewKeyValuePair took 0 ms
2018-04-12 11:49:10.497 [main] INFO  com.salesforce.commercecloud.config - upsertKey with line search range of 5 - 11 completed in 2 ms.
2018-04-12 11:49:10.503 [main] INFO  com.salesforce.commercecloud.config - MakeChanges: 'C:\Mckesson\client\setup.ini' took 9 ms.
2018-04-12 11:49:10.503 [main] INFO  com.salesforce.commercecloud.config - makeEditsToIniFiles took 9 ms.
2018-04-12 11:49:10.504 [main] INFO  com.salesforce.commercecloud.config - checkEditsToIniFiles in 1 files...
2018-04-12 11:49:10.504 [main] INFO  com.salesforce.commercecloud.config - VerifyChanges in file: 'C:\Mckesson\client\setup.ini'...
2018-04-12 11:49:10.504 [main] INFO  com.salesforce.commercecloud.config - Found line: 'host=mckprod.cloud.retail.net' in file 'C:\Mckesson\client\setup.ini.
2018-04-12 11:49:10.505 [main] INFO  com.salesforce.commercecloud.config - VerifyChanges: 'C:\Mckesson\client\setup.ini' took 1 ms.
2018-04-12 11:49:10.505 [main] INFO  com.salesforce.commercecloud.config - checkEditsToIniFiles took 1 ms.
2018-04-12 11:49:10.505 [main] INFO  com.salesforce.commercecloud.config - getFilesMatchingFileNamePattern...
2018-04-12 11:49:10.505 [main] INFO  com.salesforce.commercecloud.config - findConfigFiles invoked...
2018-04-12 11:49:10.506 [main] INFO  com.salesforce.commercecloud.config - findConfigFiles has 1 elements.
2018-04-12 11:49:10.506 [main] INFO  com.salesforce.commercecloud.config - findConfigFiles took 1 ms.
2018-04-12 11:49:10.506 [main] INFO  com.salesforce.commercecloud.config - getFilesMatchingFileNamePattern took 1 ms.
2018-04-12 11:49:10.507 [main] INFO  com.salesforce.commercecloud.config - getFilesContainingSection...
2018-04-12 11:49:10.507 [main] INFO  com.salesforce.commercecloud.config - getFilesContainingSection took 0 ms.
2018-04-12 11:49:10.507 [main] INFO  com.salesforce.commercecloud.config - backupOriginalFiles...
2018-04-12 11:49:10.507 [main] INFO  com.salesforce.commercecloud.config - backupFile invoked...
2018-04-12 11:49:10.508 [main] INFO  com.salesforce.commercecloud.config - appendBakToFile invoked...
2018-04-12 11:49:10.508 [main] INFO  com.salesforce.commercecloud.config - appendBakToFile took 0 ms.
2018-04-12 11:49:10.518 [main] INFO  com.salesforce.commercecloud.config - backupFile took 11 ms.
2018-04-12 11:49:10.518 [main] INFO  com.salesforce.commercecloud.config - backupOriginalFiles took 11 ms.
2018-04-12 11:49:10.519 [main] INFO  com.salesforce.commercecloud.config - makeEditsToIniFiles in 1 files...
2018-04-12 11:49:10.519 [main] INFO  com.salesforce.commercecloud.config - MakeChanges: 'C:\Mckesson\data\tomax.ini'...
2018-04-12 11:49:10.519 [main] INFO  com.salesforce.commercecloud.config - upsertKey invoked with line search range of 5 to 8 ...
2018-04-12 11:49:10.520 [main] INFO  com.salesforce.commercecloud.config - updateKeyValuePair invoked...
2018-04-12 11:49:10.520 [main] INFO  com.salesforce.commercecloud.config - Found : 'host=' in 'host=10.41.18.10' on line 6.
2018-04-12 11:49:10.520 [main] INFO  com.salesforce.commercecloud.config - Setting: 'host=10.41.18.10' to 'host=mckprod.cloud.retail.net'.
2018-04-12 11:49:10.520 [main] INFO  com.salesforce.commercecloud.config - Done setting: 'host=mckprod.cloud.retail.net' to 'host=mckprod.cloud.retail.net' in place.
2018-04-12 11:49:10.520 [main] INFO  com.salesforce.commercecloud.config - updateKeyValuePair took 0 ms and made '1' edits.
2018-04-12 11:49:10.520 [main] INFO  com.salesforce.commercecloud.config - insertNewKeyValuePair invoked...
2018-04-12 11:49:10.520 [main] INFO  com.salesforce.commercecloud.config - insertNewKeyValuePair took 0 ms
2018-04-12 11:49:10.520 [main] INFO  com.salesforce.commercecloud.config - upsertKey with line search range of 5 - 8 completed in 0 ms.
2018-04-12 11:49:10.524 [main] INFO  com.salesforce.commercecloud.config - MakeChanges: 'C:\Mckesson\data\tomax.ini' took 5 ms.
2018-04-12 11:49:10.527 [main] INFO  com.salesforce.commercecloud.config - makeEditsToIniFiles took 8 ms.
2018-04-12 11:49:10.527 [main] INFO  com.salesforce.commercecloud.config - checkEditsToIniFiles in 1 files...
2018-04-12 11:49:10.527 [main] INFO  com.salesforce.commercecloud.config - VerifyChanges in file: 'C:\Mckesson\data\tomax.ini'...
2018-04-12 11:49:10.527 [main] INFO  com.salesforce.commercecloud.config - Found line: 'host=mckprod.cloud.retail.net' in file 'C:\Mckesson\data\tomax.ini.
2018-04-12 11:49:10.528 [main] INFO  com.salesforce.commercecloud.config - VerifyChanges: 'C:\Mckesson\data\tomax.ini' took 1 ms.
2018-04-12 11:49:10.528 [main] INFO  com.salesforce.commercecloud.config - checkEditsToIniFiles took 1 ms.
2018-04-12 11:49:10.528 [main] INFO  com.salesforce.commercecloud.config - Making INI file changes completed in 79.
2018-04-12 11:49:10.528 [main] INFO  com.salesforce.commercecloud.config - Making host file changes...
2018-04-12 11:49:10.528 [main] INFO  com.salesforce.commercecloud.config - Creating Host file changes...
2018-04-12 11:49:10.529 [main] INFO  com.salesforce.commercecloud.config - Searching absolute path: 'C:\Development\TomsTools\IniFileEditor\IniFileEditor\.' for: 'appconfig.xml'.
2018-04-12 11:49:10.531 [main] INFO  com.salesforce.commercecloud.config - Creating Host file changes took 2 ms.
2018-04-12 11:49:10.531 [main] INFO  com.salesforce.commercecloud.config - No host file changes found in configuration.
2018-04-12 11:49:10.532 [main] INFO  com.salesforce.commercecloud.config - Making host file changes completed in 4 ms.
2018-04-12 11:49:10.532 [main] INFO  com.salesforce.commercecloud.config - Program completed in 98 ms.
